<?xml version="1.0" encoding="UTF-8"?>
<testsuite xmlns:xsi="http://www.w3.org/2001/XMLSchema-instance" xsi:noNamespaceSchemaLocation="https://maven.apache.org/surefire/maven-surefire-plugin/xsd/surefire-test-report.xsd" name="org.example.AppTest" time="0.125" tests="1" errors="1" skipped="0" failures="0">
  <properties>
    <property name="gopherProxySet" value="false"/>
    <property name="awt.toolkit" value="sun.lwawt.macosx.LWCToolkit"/>
    <property name="file.encoding.pkg" value="sun.io"/>
    <property name="java.specification.version" value="1.8"/>
    <property name="sun.cpu.isalist" value=""/>
    <property name="sun.jnu.encoding" value="UTF-8"/>
    <property name="java.class.path" value="/Users/chiaochunhuang/Desktop/code/Java/MyBatis/02-mybatis/02-mybatis/target/test-classes:/Users/chiaochunhuang/Desktop/code/Java/MyBatis/02-mybatis/02-mybatis/target/classes:/Users/chiaochunhuang/.m2/repository/org/mybatis/mybatis/3.3.0/mybatis-3.3.0.jar:/Users/chiaochunhuang/.m2/repository/mysql/mysql-connector-java/8.0.15/mysql-connector-java-8.0.15.jar:/Users/chiaochunhuang/.m2/repository/com/google/protobuf/protobuf-java/3.6.1/protobuf-java-3.6.1.jar:/Users/chiaochunhuang/.m2/repository/org/slf4j/slf4j-api/1.7.12/slf4j-api-1.7.12.jar:/Users/chiaochunhuang/.m2/repository/org/slf4j/slf4j-log4j12/1.7.12/slf4j-log4j12-1.7.12.jar:/Users/chiaochunhuang/.m2/repository/log4j/log4j/1.2.17/log4j-1.2.17.jar:/Users/chiaochunhuang/.m2/repository/org/apache/maven/plugins/maven-compiler-plugin/3.8.1/maven-compiler-plugin-3.8.1.jar:/Users/chiaochunhuang/.m2/repository/org/apache/maven/maven-plugin-api/3.0/maven-plugin-api-3.0.jar:/Users/chiaochunhuang/.m2/repository/org/apache/maven/maven-model/3.0/maven-model-3.0.jar:/Users/chiaochunhuang/.m2/repository/org/sonatype/sisu/sisu-inject-plexus/1.4.2/sisu-inject-plexus-1.4.2.jar:/Users/chiaochunhuang/.m2/repository/org/sonatype/sisu/sisu-inject-bean/1.4.2/sisu-inject-bean-1.4.2.jar:/Users/chiaochunhuang/.m2/repository/org/sonatype/sisu/sisu-guice/2.1.7/sisu-guice-2.1.7-noaop.jar:/Users/chiaochunhuang/.m2/repository/org/apache/maven/maven-artifact/3.0/maven-artifact-3.0.jar:/Users/chiaochunhuang/.m2/repository/org/codehaus/plexus/plexus-utils/2.0.4/plexus-utils-2.0.4.jar:/Users/chiaochunhuang/.m2/repository/org/apache/maven/maven-core/3.0/maven-core-3.0.jar:/Users/chiaochunhuang/.m2/repository/org/apache/maven/maven-settings/3.0/maven-settings-3.0.jar:/Users/chiaochunhuang/.m2/repository/org/apache/maven/maven-settings-builder/3.0/maven-settings-builder-3.0.jar:/Users/chiaochunhuang/.m2/repository/org/apache/maven/maven-repository-metadata/3.0/maven-repository-metadata-3.0.jar:/Users/chiaochunhuang/.m2/repository/org/apache/maven/maven-model-builder/3.0/maven-model-builder-3.0.jar:/Users/chiaochunhuang/.m2/repository/org/apache/maven/maven-aether-provider/3.0/maven-aether-provider-3.0.jar:/Users/chiaochunhuang/.m2/repository/org/sonatype/aether/aether-impl/1.7/aether-impl-1.7.jar:/Users/chiaochunhuang/.m2/repository/org/sonatype/aether/aether-spi/1.7/aether-spi-1.7.jar:/Users/chiaochunhuang/.m2/repository/org/sonatype/aether/aether-api/1.7/aether-api-1.7.jar:/Users/chiaochunhuang/.m2/repository/org/sonatype/aether/aether-util/1.7/aether-util-1.7.jar:/Users/chiaochunhuang/.m2/repository/org/codehaus/plexus/plexus-interpolation/1.14/plexus-interpolation-1.14.jar:/Users/chiaochunhuang/.m2/repository/org/codehaus/plexus/plexus-classworlds/2.2.3/plexus-classworlds-2.2.3.jar:/Users/chiaochunhuang/.m2/repository/org/codehaus/plexus/plexus-component-annotations/1.5.5/plexus-component-annotations-1.5.5.jar:/Users/chiaochunhuang/.m2/repository/org/sonatype/plexus/plexus-sec-dispatcher/1.3/plexus-sec-dispatcher-1.3.jar:/Users/chiaochunhuang/.m2/repository/org/sonatype/plexus/plexus-cipher/1.4/plexus-cipher-1.4.jar:/Users/chiaochunhuang/.m2/repository/org/apache/maven/shared/maven-shared-utils/3.2.1/maven-shared-utils-3.2.1.jar:/Users/chiaochunhuang/.m2/repository/commons-io/commons-io/2.5/commons-io-2.5.jar:/Users/chiaochunhuang/.m2/repository/org/apache/maven/shared/maven-shared-incremental/1.1/maven-shared-incremental-1.1.jar:/Users/chiaochunhuang/.m2/repository/org/codehaus/plexus/plexus-java/0.9.10/plexus-java-0.9.10.jar:/Users/chiaochunhuang/.m2/repository/org/ow2/asm/asm/6.2/asm-6.2.jar:/Users/chiaochunhuang/.m2/repository/com/thoughtworks/qdox/qdox/2.0-M8/qdox-2.0-M8.jar:/Users/chiaochunhuang/.m2/repository/org/codehaus/plexus/plexus-compiler-api/2.8.4/plexus-compiler-api-2.8.4.jar:/Users/chiaochunhuang/.m2/repository/org/codehaus/plexus/plexus-compiler-manager/2.8.4/plexus-compiler-manager-2.8.4.jar:/Users/chiaochunhuang/.m2/repository/org/codehaus/plexus/plexus-compiler-javac/2.8.4/plexus-compiler-javac-2.8.4.jar:/Users/chiaochunhuang/.m2/repository/junit/junit/4.11/junit-4.11.jar:/Users/chiaochunhuang/.m2/repository/org/hamcrest/hamcrest-core/1.3/hamcrest-core-1.3.jar:"/>
    <property name="java.vm.vendor" value="Amazon.com Inc."/>
    <property name="sun.arch.data.model" value="64"/>
    <property name="java.vendor.url" value="https://aws.amazon.com/corretto/"/>
    <property name="user.timezone" value=""/>
    <property name="java.vm.specification.version" value="1.8"/>
    <property name="os.name" value="Mac OS X"/>
    <property name="user.country" value="CN"/>
    <property name="sun.java.launcher" value="SUN_STANDARD"/>
    <property name="sun.boot.library.path" value="/Users/chiaochunhuang/Library/Java/JavaVirtualMachines/corretto-1.8.0_302/Contents/Home/jre/lib"/>
    <property name="sun.java.command" value="/Users/chiaochunhuang/Desktop/code/Java/MyBatis/02-mybatis/02-mybatis/target/surefire/surefirebooter2666420890560978573.jar /Users/chiaochunhuang/Desktop/code/Java/MyBatis/02-mybatis/02-mybatis/target/surefire 2021-10-19T19-15-08_172-jvmRun1 surefire878687778394594692tmp surefire_08178691108669385654tmp"/>
    <property name="http.nonProxyHosts" value="local|*.local|169.254/16|*.169.254/16"/>
    <property name="surefire.test.class.path" value="/Users/chiaochunhuang/Desktop/code/Java/MyBatis/02-mybatis/02-mybatis/target/test-classes:/Users/chiaochunhuang/Desktop/code/Java/MyBatis/02-mybatis/02-mybatis/target/classes:/Users/chiaochunhuang/.m2/repository/org/mybatis/mybatis/3.3.0/mybatis-3.3.0.jar:/Users/chiaochunhuang/.m2/repository/mysql/mysql-connector-java/8.0.15/mysql-connector-java-8.0.15.jar:/Users/chiaochunhuang/.m2/repository/com/google/protobuf/protobuf-java/3.6.1/protobuf-java-3.6.1.jar:/Users/chiaochunhuang/.m2/repository/org/slf4j/slf4j-api/1.7.12/slf4j-api-1.7.12.jar:/Users/chiaochunhuang/.m2/repository/org/slf4j/slf4j-log4j12/1.7.12/slf4j-log4j12-1.7.12.jar:/Users/chiaochunhuang/.m2/repository/log4j/log4j/1.2.17/log4j-1.2.17.jar:/Users/chiaochunhuang/.m2/repository/org/apache/maven/plugins/maven-compiler-plugin/3.8.1/maven-compiler-plugin-3.8.1.jar:/Users/chiaochunhuang/.m2/repository/org/apache/maven/maven-plugin-api/3.0/maven-plugin-api-3.0.jar:/Users/chiaochunhuang/.m2/repository/org/apache/maven/maven-model/3.0/maven-model-3.0.jar:/Users/chiaochunhuang/.m2/repository/org/sonatype/sisu/sisu-inject-plexus/1.4.2/sisu-inject-plexus-1.4.2.jar:/Users/chiaochunhuang/.m2/repository/org/sonatype/sisu/sisu-inject-bean/1.4.2/sisu-inject-bean-1.4.2.jar:/Users/chiaochunhuang/.m2/repository/org/sonatype/sisu/sisu-guice/2.1.7/sisu-guice-2.1.7-noaop.jar:/Users/chiaochunhuang/.m2/repository/org/apache/maven/maven-artifact/3.0/maven-artifact-3.0.jar:/Users/chiaochunhuang/.m2/repository/org/codehaus/plexus/plexus-utils/2.0.4/plexus-utils-2.0.4.jar:/Users/chiaochunhuang/.m2/repository/org/apache/maven/maven-core/3.0/maven-core-3.0.jar:/Users/chiaochunhuang/.m2/repository/org/apache/maven/maven-settings/3.0/maven-settings-3.0.jar:/Users/chiaochunhuang/.m2/repository/org/apache/maven/maven-settings-builder/3.0/maven-settings-builder-3.0.jar:/Users/chiaochunhuang/.m2/repository/org/apache/maven/maven-repository-metadata/3.0/maven-repository-metadata-3.0.jar:/Users/chiaochunhuang/.m2/repository/org/apache/maven/maven-model-builder/3.0/maven-model-builder-3.0.jar:/Users/chiaochunhuang/.m2/repository/org/apache/maven/maven-aether-provider/3.0/maven-aether-provider-3.0.jar:/Users/chiaochunhuang/.m2/repository/org/sonatype/aether/aether-impl/1.7/aether-impl-1.7.jar:/Users/chiaochunhuang/.m2/repository/org/sonatype/aether/aether-spi/1.7/aether-spi-1.7.jar:/Users/chiaochunhuang/.m2/repository/org/sonatype/aether/aether-api/1.7/aether-api-1.7.jar:/Users/chiaochunhuang/.m2/repository/org/sonatype/aether/aether-util/1.7/aether-util-1.7.jar:/Users/chiaochunhuang/.m2/repository/org/codehaus/plexus/plexus-interpolation/1.14/plexus-interpolation-1.14.jar:/Users/chiaochunhuang/.m2/repository/org/codehaus/plexus/plexus-classworlds/2.2.3/plexus-classworlds-2.2.3.jar:/Users/chiaochunhuang/.m2/repository/org/codehaus/plexus/plexus-component-annotations/1.5.5/plexus-component-annotations-1.5.5.jar:/Users/chiaochunhuang/.m2/repository/org/sonatype/plexus/plexus-sec-dispatcher/1.3/plexus-sec-dispatcher-1.3.jar:/Users/chiaochunhuang/.m2/repository/org/sonatype/plexus/plexus-cipher/1.4/plexus-cipher-1.4.jar:/Users/chiaochunhuang/.m2/repository/org/apache/maven/shared/maven-shared-utils/3.2.1/maven-shared-utils-3.2.1.jar:/Users/chiaochunhuang/.m2/repository/commons-io/commons-io/2.5/commons-io-2.5.jar:/Users/chiaochunhuang/.m2/repository/org/apache/maven/shared/maven-shared-incremental/1.1/maven-shared-incremental-1.1.jar:/Users/chiaochunhuang/.m2/repository/org/codehaus/plexus/plexus-java/0.9.10/plexus-java-0.9.10.jar:/Users/chiaochunhuang/.m2/repository/org/ow2/asm/asm/6.2/asm-6.2.jar:/Users/chiaochunhuang/.m2/repository/com/thoughtworks/qdox/qdox/2.0-M8/qdox-2.0-M8.jar:/Users/chiaochunhuang/.m2/repository/org/codehaus/plexus/plexus-compiler-api/2.8.4/plexus-compiler-api-2.8.4.jar:/Users/chiaochunhuang/.m2/repository/org/codehaus/plexus/plexus-compiler-manager/2.8.4/plexus-compiler-manager-2.8.4.jar:/Users/chiaochunhuang/.m2/repository/org/codehaus/plexus/plexus-compiler-javac/2.8.4/plexus-compiler-javac-2.8.4.jar:/Users/chiaochunhuang/.m2/repository/junit/junit/4.11/junit-4.11.jar:/Users/chiaochunhuang/.m2/repository/org/hamcrest/hamcrest-core/1.3/hamcrest-core-1.3.jar:"/>
    <property name="sun.cpu.endian" value="little"/>
    <property name="user.home" value="/Users/chiaochunhuang"/>
    <property name="user.language" value="zh"/>
    <property name="java.specification.vendor" value="Oracle Corporation"/>
    <property name="java.home" value="/Users/chiaochunhuang/Library/Java/JavaVirtualMachines/corretto-1.8.0_302/Contents/Home/jre"/>
    <property name="basedir" value="/Users/chiaochunhuang/Desktop/code/Java/MyBatis/02-mybatis/02-mybatis"/>
    <property name="file.separator" value="/"/>
    <property name="line.separator" value="&#10;"/>
    <property name="java.vm.specification.vendor" value="Oracle Corporation"/>
    <property name="java.specification.name" value="Java Platform API Specification"/>
    <property name="java.awt.graphicsenv" value="sun.awt.CGraphicsEnvironment"/>
    <property name="surefire.real.class.path" value="/Users/chiaochunhuang/Desktop/code/Java/MyBatis/02-mybatis/02-mybatis/target/surefire/surefirebooter2666420890560978573.jar"/>
    <property name="sun.boot.class.path" value="/Users/chiaochunhuang/Library/Java/JavaVirtualMachines/corretto-1.8.0_302/Contents/Home/jre/lib/resources.jar:/Users/chiaochunhuang/Library/Java/JavaVirtualMachines/corretto-1.8.0_302/Contents/Home/jre/lib/rt.jar:/Users/chiaochunhuang/Library/Java/JavaVirtualMachines/corretto-1.8.0_302/Contents/Home/jre/lib/sunrsasign.jar:/Users/chiaochunhuang/Library/Java/JavaVirtualMachines/corretto-1.8.0_302/Contents/Home/jre/lib/jsse.jar:/Users/chiaochunhuang/Library/Java/JavaVirtualMachines/corretto-1.8.0_302/Contents/Home/jre/lib/jce.jar:/Users/chiaochunhuang/Library/Java/JavaVirtualMachines/corretto-1.8.0_302/Contents/Home/jre/lib/charsets.jar:/Users/chiaochunhuang/Library/Java/JavaVirtualMachines/corretto-1.8.0_302/Contents/Home/jre/lib/jfr.jar:/Users/chiaochunhuang/Library/Java/JavaVirtualMachines/corretto-1.8.0_302/Contents/Home/jre/classes"/>
    <property name="sun.management.compiler" value="HotSpot 64-Bit Tiered Compilers"/>
    <property name="ftp.nonProxyHosts" value="local|*.local|169.254/16|*.169.254/16"/>
    <property name="java.runtime.version" value="1.8.0_302-b08"/>
    <property name="user.name" value="chiaochunhuang"/>
    <property name="path.separator" value=":"/>
    <property name="os.version" value="10.14.6"/>
    <property name="java.endorsed.dirs" value="/Users/chiaochunhuang/Library/Java/JavaVirtualMachines/corretto-1.8.0_302/Contents/Home/jre/lib/endorsed"/>
    <property name="java.runtime.name" value="OpenJDK Runtime Environment"/>
    <property name="file.encoding" value="UTF-8"/>
    <property name="java.vm.name" value="OpenJDK 64-Bit Server VM"/>
    <property name="localRepository" value="/Users/chiaochunhuang/.m2/repository"/>
    <property name="java.vendor.url.bug" value="https://github.com/corretto/corretto-8/issues/"/>
    <property name="java.io.tmpdir" value="/var/folders/4s/hzqmkzh57l1fxb8zq5htk88c0000gn/T/"/>
    <property name="idea.version" value="2021.2.1"/>
    <property name="java.version" value="1.8.0_302"/>
    <property name="user.dir" value="/Users/chiaochunhuang/Desktop/code/Java/MyBatis/02-mybatis/02-mybatis"/>
    <property name="os.arch" value="x86_64"/>
    <property name="java.vm.specification.name" value="Java Virtual Machine Specification"/>
    <property name="java.awt.printerjob" value="sun.lwawt.macosx.CPrinterJob"/>
    <property name="sun.os.patch.level" value="unknown"/>
    <property name="java.library.path" value="/Users/chiaochunhuang/Library/Java/Extensions:/Library/Java/Extensions:/Network/Library/Java/Extensions:/System/Library/Java/Extensions:/usr/lib/java:."/>
    <property name="java.vm.info" value="mixed mode"/>
    <property name="java.vendor" value="Amazon.com Inc."/>
    <property name="java.vm.version" value="25.302-b08"/>
    <property name="java.ext.dirs" value="/Users/chiaochunhuang/Library/Java/Extensions:/Users/chiaochunhuang/Library/Java/JavaVirtualMachines/corretto-1.8.0_302/Contents/Home/jre/lib/ext:/Library/Java/Extensions:/Network/Library/Java/Extensions:/System/Library/Java/Extensions:/usr/lib/java"/>
    <property name="sun.io.unicode.encoding" value="UnicodeBig"/>
    <property name="java.class.version" value="52.0"/>
    <property name="socksNonProxyHosts" value="local|*.local|169.254/16|*.169.254/16"/>
  </properties>
  <testcase name="testSelect" classname="org.example.AppTest" time="0.049">
    <error type="java.lang.NullPointerException">java.lang.NullPointerException
	at org.example.AppTest.testSelect(AppTest.java:23)
</error>
    <system-err><![CDATA[java.io.IOException: Could not find resource mybatis_config.xml
	at org.apache.ibatis.io.Resources.getResourceAsStream(Resources.java:114)
	at org.apache.ibatis.io.Resources.getResourceAsStream(Resources.java:100)
	at com.lcx.utils.MyBaitsUtils.<clinit>(MyBaitsUtils.java:17)
	at com.lcx.dao.impl.StudentDaoImpl.userList(StudentDaoImpl.java:13)
	at org.example.AppTest.testSelect(AppTest.java:23)
	at sun.reflect.NativeMethodAccessorImpl.invoke0(Native Method)
	at sun.reflect.NativeMethodAccessorImpl.invoke(NativeMethodAccessorImpl.java:62)
	at sun.reflect.DelegatingMethodAccessorImpl.invoke(DelegatingMethodAccessorImpl.java:43)
	at java.lang.reflect.Method.invoke(Method.java:498)
	at org.junit.runners.model.FrameworkMethod$1.runReflectiveCall(FrameworkMethod.java:47)
	at org.junit.internal.runners.model.ReflectiveCallable.run(ReflectiveCallable.java:12)
	at org.junit.runners.model.FrameworkMethod.invokeExplosively(FrameworkMethod.java:44)
	at org.junit.internal.runners.statements.InvokeMethod.evaluate(InvokeMethod.java:17)
	at org.junit.runners.ParentRunner.runLeaf(ParentRunner.java:271)
	at org.junit.runners.BlockJUnit4ClassRunner.runChild(BlockJUnit4ClassRunner.java:70)
	at org.junit.runners.BlockJUnit4ClassRunner.runChild(BlockJUnit4ClassRunner.java:50)
	at org.junit.runners.ParentRunner$3.run(ParentRunner.java:238)
	at org.junit.runners.ParentRunner$1.schedule(ParentRunner.java:63)
	at org.junit.runners.ParentRunner.runChildren(ParentRunner.java:236)
	at org.junit.runners.ParentRunner.access$000(ParentRunner.java:53)
	at org.junit.runners.ParentRunner$2.evaluate(ParentRunner.java:229)
	at org.junit.runners.ParentRunner.run(ParentRunner.java:309)
	at org.apache.maven.surefire.junit4.JUnit4Provider.execute(JUnit4Provider.java:365)
	at org.apache.maven.surefire.junit4.JUnit4Provider.executeWithRerun(JUnit4Provider.java:273)
	at org.apache.maven.surefire.junit4.JUnit4Provider.executeTestSet(JUnit4Provider.java:238)
	at org.apache.maven.surefire.junit4.JUnit4Provider.invoke(JUnit4Provider.java:159)
	at org.apache.maven.surefire.booter.ForkedBooter.invokeProviderInSameClassLoader(ForkedBooter.java:384)
	at org.apache.maven.surefire.booter.ForkedBooter.runSuitesInProcess(ForkedBooter.java:345)
	at org.apache.maven.surefire.booter.ForkedBooter.execute(ForkedBooter.java:126)
	at org.apache.maven.surefire.booter.ForkedBooter.main(ForkedBooter.java:418)
]]></system-err>
  </testcase>
</testsuite>